This file contains any messages produced by compilers while
running configure, to aid debugging if configure makes a mistake.

It was created by gmediarender configure 0.0.7-git, which was
generated by GNU Autoconf 2.69.  Invocation command line was

  $ ./configure 

## --------- ##
## Platform. ##
## --------- ##

hostname = yeso-deepin
uname -m = x86_64
uname -r = 3.13.0-46-generic
uname -s = Linux
uname -v = #79-Ubuntu SMP Tue Mar 10 20:06:50 UTC 2015

/usr/bin/uname -p = unknown
/bin/uname -X     = unknown

/bin/arch              = unknown
/usr/bin/arch -k       = unknown
/usr/convex/getsysinfo = unknown
/usr/bin/hostinfo      = unknown
/bin/machine           = unknown
/usr/bin/oslevel       = unknown
/bin/universe          = unknown

PATH: /home/yeso/bin
PATH: /usr/local/bin
PATH: /usr/local/sbin
PATH: /usr/local/bin
PATH: /usr/sbin
PATH: /usr/bin
PATH: /sbin
PATH: /bin
PATH: /usr/games
PATH: /usr/local/games


## ----------- ##
## Core tests. ##
## ----------- ##

configure:2077: checking for a BSD-compatible install
configure:2145: result: /usr/bin/install -c
configure:2156: checking whether build environment is sane
configure:2211: result: yes
configure:2362: checking for a thread-safe mkdir -p
configure:2401: result: /bin/mkdir -p
configure:2408: checking for gawk
configure:2424: found /usr/bin/gawk
configure:2435: result: gawk
configure:2446: checking whether make sets $(MAKE)
configure:2468: result: yes
configure:2497: checking whether make supports nested variables
configure:2514: result: yes
configure:2770: checking for style of include used by make
configure:2798: result: GNU
configure:2869: checking for gcc
configure:2885: found /usr/bin/gcc
configure:2896: result: gcc
configure:3125: checking for C compiler version
configure:3134: gcc --version >&5
gcc (Ubuntu 4.8.2-19ubuntu1) 4.8.2
Copyright (C) 2013 Free Software Foundation, Inc.
This is free software; see the source for copying conditions.  There is NO
warranty; not even for MERCHANTABILITY or FITNESS FOR A PARTICULAR PURPOSE.

configure:3145: $? = 0
configure:3134: gcc -v >&5
Using built-in specs.
COLLECT_GCC=gcc
COLLECT_LTO_WRAPPER=/usr/lib/gcc/x86_64-linux-gnu/4.8/lto-wrapper
Target: x86_64-linux-gnu
Configured with: ../src/configure -v --with-pkgversion='Ubuntu 4.8.2-19ubuntu1' --with-bugurl=file:///usr/share/doc/gcc-4.8/README.Bugs --enable-languages=c,c++,java,go,d,fortran,objc,obj-c++ --prefix=/usr --program-suffix=-4.8 --enable-shared --enable-linker-build-id --libexecdir=/usr/lib --without-included-gettext --enable-threads=posix --with-gxx-include-dir=/usr/include/c++/4.8 --libdir=/usr/lib --enable-nls --with-sysroot=/ --enable-clocale=gnu --enable-libstdcxx-debug --enable-libstdcxx-time=yes --enable-gnu-unique-object --disable-libmudflap --enable-plugin --with-system-zlib --disable-browser-plugin --enable-java-awt=gtk --enable-gtk-cairo --with-java-home=/usr/lib/jvm/java-1.5.0-gcj-4.8-amd64/jre --enable-java-home --with-jvm-root-dir=/usr/lib/jvm/java-1.5.0-gcj-4.8-amd64 --with-jvm-jar-dir=/usr/lib/jvm-exports/java-1.5.0-gcj-4.8-amd64 --with-arch-directory=amd64 --with-ecj-jar=/usr/share/java/eclipse-ecj.jar --enable-objc-gc --enable-multiarch --disable-werror --with-arch-32=i686 --with-abi=m64 --with-multilib-list=m32,m64,mx32 --with-tune=generic --enable-checking=release --build=x86_64-linux-gnu --host=x86_64-linux-gnu --target=x86_64-linux-gnu
Thread model: posix
gcc version 4.8.2 (Ubuntu 4.8.2-19ubuntu1) 
configure:3145: $? = 0
configure:3134: gcc -V >&5
gcc: error: unrecognized command line option '-V'
gcc: fatal error: no input files
compilation terminated.
configure:3145: $? = 4
configure:3134: gcc -qversion >&5
gcc: error: unrecognized command line option '-qversion'
gcc: fatal error: no input files
compilation terminated.
configure:3145: $? = 4
configure:3165: checking whether the C compiler works
configure:3187: gcc    conftest.c  >&5
configure:3191: $? = 0
configure:3239: result: yes
configure:3242: checking for C compiler default output file name
configure:3244: result: a.out
configure:3250: checking for suffix of executables
configure:3257: gcc -o conftest    conftest.c  >&5
configure:3261: $? = 0
configure:3283: result: 
configure:3305: checking whether we are cross compiling
configure:3313: gcc -o conftest    conftest.c  >&5
configure:3317: $? = 0
configure:3324: ./conftest
configure:3328: $? = 0
configure:3343: result: no
configure:3348: checking for suffix of object files
configure:3370: gcc -c   conftest.c >&5
configure:3374: $? = 0
configure:3395: result: o
configure:3399: checking whether we are using the GNU C compiler
configure:3418: gcc -c   conftest.c >&5
configure:3418: $? = 0
configure:3427: result: yes
configure:3436: checking whether gcc accepts -g
configure:3456: gcc -c -g  conftest.c >&5
configure:3456: $? = 0
configure:3497: result: yes
configure:3514: checking for gcc option to accept ISO C89
configure:3577: gcc  -c -g -O2  conftest.c >&5
configure:3577: $? = 0
configure:3590: result: none needed
configure:3615: checking whether gcc understands -c and -o together
configure:3637: gcc -c conftest.c -o conftest2.o
configure:3640: $? = 0
configure:3637: gcc -c conftest.c -o conftest2.o
configure:3640: $? = 0
configure:3652: result: yes
configure:3671: checking dependency style of gcc
configure:3782: result: gcc3
configure:3799: checking dependency style of gcc
configure:3910: result: gcc3
configure:3933: checking for special C compiler options needed for large files
configure:3978: result: no
configure:3984: checking for _FILE_OFFSET_BITS value needed for large files
configure:4009: gcc -c -g -O2  conftest.c >&5
configure:4009: $? = 0
configure:4041: result: no
configure:4176: checking for gcc
configure:4203: result: gcc
configure:4432: checking for C compiler version
configure:4441: gcc --version >&5
gcc (Ubuntu 4.8.2-19ubuntu1) 4.8.2
Copyright (C) 2013 Free Software Foundation, Inc.
This is free software; see the source for copying conditions.  There is NO
warranty; not even for MERCHANTABILITY or FITNESS FOR A PARTICULAR PURPOSE.

configure:4452: $? = 0
configure:4441: gcc -v >&5
Using built-in specs.
COLLECT_GCC=gcc
COLLECT_LTO_WRAPPER=/usr/lib/gcc/x86_64-linux-gnu/4.8/lto-wrapper
Target: x86_64-linux-gnu
Configured with: ../src/configure -v --with-pkgversion='Ubuntu 4.8.2-19ubuntu1' --with-bugurl=file:///usr/share/doc/gcc-4.8/README.Bugs --enable-languages=c,c++,java,go,d,fortran,objc,obj-c++ --prefix=/usr --program-suffix=-4.8 --enable-shared --enable-linker-build-id --libexecdir=/usr/lib --without-included-gettext --enable-threads=posix --with-gxx-include-dir=/usr/include/c++/4.8 --libdir=/usr/lib --enable-nls --with-sysroot=/ --enable-clocale=gnu --enable-libstdcxx-debug --enable-libstdcxx-time=yes --enable-gnu-unique-object --disable-libmudflap --enable-plugin --with-system-zlib --disable-browser-plugin --enable-java-awt=gtk --enable-gtk-cairo --with-java-home=/usr/lib/jvm/java-1.5.0-gcj-4.8-amd64/jre --enable-java-home --with-jvm-root-dir=/usr/lib/jvm/java-1.5.0-gcj-4.8-amd64 --with-jvm-jar-dir=/usr/lib/jvm-exports/java-1.5.0-gcj-4.8-amd64 --with-arch-directory=amd64 --with-ecj-jar=/usr/share/java/eclipse-ecj.jar --enable-objc-gc --enable-multiarch --disable-werror --with-arch-32=i686 --with-abi=m64 --with-multilib-list=m32,m64,mx32 --with-tune=generic --enable-checking=release --build=x86_64-linux-gnu --host=x86_64-linux-gnu --target=x86_64-linux-gnu
Thread model: posix
gcc version 4.8.2 (Ubuntu 4.8.2-19ubuntu1) 
configure:4452: $? = 0
configure:4441: gcc -V >&5
gcc: error: unrecognized command line option '-V'
gcc: fatal error: no input files
compilation terminated.
configure:4452: $? = 4
configure:4441: gcc -qversion >&5
gcc: error: unrecognized command line option '-qversion'
gcc: fatal error: no input files
compilation terminated.
configure:4452: $? = 4
configure:4456: checking whether we are using the GNU C compiler
configure:4484: result: yes
configure:4493: checking whether gcc accepts -g
configure:4554: result: yes
configure:4571: checking for gcc option to accept ISO C89
configure:4647: result: none needed
configure:4672: checking whether gcc understands -c and -o together
configure:4709: result: yes
configure:4728: checking dependency style of gcc
configure:4839: result: gcc3
configure:4856: checking dependency style of gcc
configure:4967: result: gcc3
configure:4986: checking for gcc option to accept ISO C99
configure:5135: gcc  -c -g -O2  conftest.c >&5
conftest.c:63:29: error: expected ';', ',' or ')' before 'text'
 test_restrict (ccp restrict text)
                             ^
conftest.c: In function 'main':
conftest.c:117:18: error: expected '=', ',', ';', 'asm' or '__attribute__' before 'newvar'
   char *restrict newvar = "Another string";
                  ^
conftest.c:117:18: error: 'newvar' undeclared (first use in this function)
conftest.c:117:18: note: each undeclared identifier is reported only once for each function it appears in
conftest.c:127:3: error: 'for' loop initial declarations are only allowed in C99 mode
   for (int i = 0; i < ia->datasize; ++i)
   ^
conftest.c:127:3: note: use option -std=c99 or -std=gnu99 to compile your code
configure:5135: $? = 1
configure: failed program was:
| /* confdefs.h */
| #define PACKAGE_NAME "gmediarender"
| #define PACKAGE_TARNAME "gmediarender"
| #define PACKAGE_VERSION "0.0.7-git"
| #define PACKAGE_STRING "gmediarender 0.0.7-git"
| #define PACKAGE_BUGREPORT "https://github.com/hzeller/gmrender-resurrect"
| #define PACKAGE_URL ""
| #define PACKAGE "gmediarender"
| #define VERSION "0.0.7-git"
| #define PACKAGE "gmediarender"
| #define VERSION "0.0.7-git"
| /* end confdefs.h.  */
| #include <stdarg.h>
| #include <stdbool.h>
| #include <stdlib.h>
| #include <wchar.h>
| #include <stdio.h>
| 
| // Check varargs macros.  These examples are taken from C99 6.10.3.5.
| #define debug(...) fprintf (stderr, __VA_ARGS__)
| #define showlist(...) puts (#__VA_ARGS__)
| #define report(test,...) ((test) ? puts (#test) : printf (__VA_ARGS__))
| static void
| test_varargs_macros (void)
| {
|   int x = 1234;
|   int y = 5678;
|   debug ("Flag");
|   debug ("X = %d\n", x);
|   showlist (The first, second, and third items.);
|   report (x>y, "x is %d but y is %d", x, y);
| }
| 
| // Check long long types.
| #define BIG64 18446744073709551615ull
| #define BIG32 4294967295ul
| #define BIG_OK (BIG64 / BIG32 == 4294967297ull && BIG64 % BIG32 == 0)
| #if !BIG_OK
|   your preprocessor is broken;
| #endif
| #if BIG_OK
| #else
|   your preprocessor is broken;
| #endif
| static long long int bignum = -9223372036854775807LL;
| static unsigned long long int ubignum = BIG64;
| 
| struct incomplete_array
| {
|   int datasize;
|   double data[];
| };
| 
| struct named_init {
|   int number;
|   const wchar_t *name;
|   double average;
| };
| 
| typedef const char *ccp;
| 
| static inline int
| test_restrict (ccp restrict text)
| {
|   // See if C++-style comments work.
|   // Iterate through items via the restricted pointer.
|   // Also check for declarations in for loops.
|   for (unsigned int i = 0; *(text+i) != '\0'; ++i)
|     continue;
|   return 0;
| }
| 
| // Check varargs and va_copy.
| static void
| test_varargs (const char *format, ...)
| {
|   va_list args;
|   va_start (args, format);
|   va_list args_copy;
|   va_copy (args_copy, args);
| 
|   const char *str;
|   int number;
|   float fnumber;
| 
|   while (*format)
|     {
|       switch (*format++)
| 	{
| 	case 's': // string
| 	  str = va_arg (args_copy, const char *);
| 	  break;
| 	case 'd': // int
| 	  number = va_arg (args_copy, int);
| 	  break;
| 	case 'f': // float
| 	  fnumber = va_arg (args_copy, double);
| 	  break;
| 	default:
| 	  break;
| 	}
|     }
|   va_end (args_copy);
|   va_end (args);
| }
| 
| int
| main ()
| {
| 
|   // Check bool.
|   _Bool success = false;
| 
|   // Check restrict.
|   if (test_restrict ("String literal") == 0)
|     success = true;
|   char *restrict newvar = "Another string";
| 
|   // Check varargs.
|   test_varargs ("s, d' f .", "string", 65, 34.234);
|   test_varargs_macros ();
| 
|   // Check flexible array members.
|   struct incomplete_array *ia =
|     malloc (sizeof (struct incomplete_array) + (sizeof (double) * 10));
|   ia->datasize = 10;
|   for (int i = 0; i < ia->datasize; ++i)
|     ia->data[i] = i * 1.234;
| 
|   // Check named initializers.
|   struct named_init ni = {
|     .number = 34,
|     .name = L"Test wide string",
|     .average = 543.34343,
|   };
| 
|   ni.number = 58;
| 
|   int dynamic_array[ni.number];
|   dynamic_array[ni.number - 1] = 543;
| 
|   // work around unused variable warnings
|   return (!success || bignum == 0LL || ubignum == 0uLL || newvar[0] == 'x'
| 	  || dynamic_array[ni.number - 1] != 543);
| 
|   ;
|   return 0;
| }
configure:5135: gcc -std=gnu99 -c -g -O2  conftest.c >&5
configure:5135: $? = 0
configure:5155: result: -std=gnu99
configure:5256: checking for gcc -std=gnu99 option to accept ISO Standard C
configure:5270: result: -std=gnu99
configure:5275: checking whether make sets $(MAKE)
configure:5297: result: yes
configure:5319: checking for asprintf
configure:5319: gcc -std=gnu99 -o conftest -g -O2 -Wall -Wpointer-arith -Wmissing-prototypes -Wmissing-declarations -Wwrite-strings   conftest.c  >&5
configure:5319: $? = 0
configure:5319: result: yes
configure:5328: checking for exp in -lm
configure:5353: gcc -std=gnu99 -o conftest -g -O2 -Wall -Wpointer-arith -Wmissing-prototypes -Wmissing-declarations -Wwrite-strings   conftest.c -lm   >&5
conftest.c:21:6: warning: conflicting types for built-in function 'exp' [enabled by default]
 char exp ();
      ^
configure:5353: $? = 0
configure:5362: result: yes
configure:5440: checking for pkg-config
configure:5458: found /usr/bin/pkg-config
configure:5470: result: /usr/bin/pkg-config
configure:5495: checking pkg-config is at least version 0.9.0
configure:5498: result: yes
configure:5509: checking for GLIB
configure:5516: $PKG_CONFIG --exists --print-errors "glib-2.0 gthread-2.0"
configure:5519: $? = 0
configure:5533: $PKG_CONFIG --exists --print-errors "glib-2.0 gthread-2.0"
configure:5536: $? = 0
configure:5574: result: yes
configure:5599: checking for GST
configure:5606: $PKG_CONFIG --exists --print-errors "gstreamer-$GST_NEW_MAJORMINOR >= $GST_REQS"
Package gstreamer-1.0 was not found in the pkg-config search path.
Perhaps you should add the directory containing `gstreamer-1.0.pc'
to the PKG_CONFIG_PATH environment variable
No package 'gstreamer-1.0' found
configure:5609: $? = 1
configure:5623: $PKG_CONFIG --exists --print-errors "gstreamer-$GST_NEW_MAJORMINOR >= $GST_REQS"
Package gstreamer-1.0 was not found in the pkg-config search path.
Perhaps you should add the directory containing `gstreamer-1.0.pc'
to the PKG_CONFIG_PATH environment variable
No package 'gstreamer-1.0' found
configure:5626: $? = 1
configure:5640: result: no
No package 'gstreamer-1.0' found
configure:5682: checking for GST
configure:5689: $PKG_CONFIG --exists --print-errors "gstreamer-$GST_OLD_MAJORMINOR >= $GST_REQS"
configure:5692: $? = 0
configure:5706: $PKG_CONFIG --exists --print-errors "gstreamer-$GST_OLD_MAJORMINOR >= $GST_REQS"
configure:5709: $? = 0
configure:5751: result: yes
configure:5790: checking for LIBUPNP
configure:5797: $PKG_CONFIG --exists --print-errors "libupnp >= $LIBUPNP_REQUIRED"
configure:5800: $? = 0
configure:5814: $PKG_CONFIG --exists --print-errors "libupnp >= $LIBUPNP_REQUIRED"
configure:5817: $? = 0
configure:5859: result: yes
configure:5882: checking how to run the C preprocessor
configure:5913: gcc -std=gnu99 -E  conftest.c
configure:5913: $? = 0
configure:5927: gcc -std=gnu99 -E  conftest.c
conftest.c:17:28: fatal error: ac_nonexistent.h: No such file or directory
 #include <ac_nonexistent.h>
                            ^
compilation terminated.
configure:5927: $? = 1
configure: failed program was:
| /* confdefs.h */
| #define PACKAGE_NAME "gmediarender"
| #define PACKAGE_TARNAME "gmediarender"
| #define PACKAGE_VERSION "0.0.7-git"
| #define PACKAGE_STRING "gmediarender 0.0.7-git"
| #define PACKAGE_BUGREPORT "https://github.com/hzeller/gmrender-resurrect"
| #define PACKAGE_URL ""
| #define PACKAGE "gmediarender"
| #define VERSION "0.0.7-git"
| #define PACKAGE "gmediarender"
| #define VERSION "0.0.7-git"
| #define HAVE_ASPRINTF 1
| #define HAVE_LIBM 1
| #define HAVE_GST /**/
| #define HAVE_LIBUPNP /**/
| /* end confdefs.h.  */
| #include <ac_nonexistent.h>
configure:5952: result: gcc -std=gnu99 -E
configure:5972: gcc -std=gnu99 -E  conftest.c
configure:5972: $? = 0
configure:5986: gcc -std=gnu99 -E  conftest.c
conftest.c:17:28: fatal error: ac_nonexistent.h: No such file or directory
 #include <ac_nonexistent.h>
                            ^
compilation terminated.
configure:5986: $? = 1
configure: failed program was:
| /* confdefs.h */
| #define PACKAGE_NAME "gmediarender"
| #define PACKAGE_TARNAME "gmediarender"
| #define PACKAGE_VERSION "0.0.7-git"
| #define PACKAGE_STRING "gmediarender 0.0.7-git"
| #define PACKAGE_BUGREPORT "https://github.com/hzeller/gmrender-resurrect"
| #define PACKAGE_URL ""
| #define PACKAGE "gmediarender"
| #define VERSION "0.0.7-git"
| #define PACKAGE "gmediarender"
| #define VERSION "0.0.7-git"
| #define HAVE_ASPRINTF 1
| #define HAVE_LIBM 1
| #define HAVE_GST /**/
| #define HAVE_LIBUPNP /**/
| /* end confdefs.h.  */
| #include <ac_nonexistent.h>
configure:6015: checking for grep that handles long lines and -e
configure:6073: result: /bin/grep
configure:6078: checking for egrep
configure:6140: result: /bin/grep -E
configure:6145: checking for ANSI C header files
configure:6165: gcc -std=gnu99 -c -g -O2 -Wall -Wpointer-arith -Wmissing-prototypes -Wmissing-declarations -Wwrite-strings  conftest.c >&5
configure:6165: $? = 0
configure:6238: gcc -std=gnu99 -o conftest -g -O2 -Wall -Wpointer-arith -Wmissing-prototypes -Wmissing-declarations -Wwrite-strings   conftest.c -lm  >&5
configure:6238: $? = 0
configure:6238: ./conftest
configure:6238: $? = 0
configure:6249: result: yes
configure:6375: checking that generated files are newer than configure
configure:6381: result: done
configure:6428: creating ./config.status

## ---------------------- ##
## Running config.status. ##
## ---------------------- ##

This file was extended by gmediarender config.status 0.0.7-git, which was
generated by GNU Autoconf 2.69.  Invocation command line was

  CONFIG_FILES    = 
  CONFIG_HEADERS  = 
  CONFIG_LINKS    = 
  CONFIG_COMMANDS = 
  $ ./config.status 

on yeso-deepin

config.status:864: creating Makefile
config.status:864: creating src/Makefile
config.status:864: creating data/Makefile
config.status:864: creating config.h
config.status:1093: executing depfiles commands

## ---------------- ##
## Cache variables. ##
## ---------------- ##

ac_cv_c_compiler_gnu=yes
ac_cv_env_CC_set=
ac_cv_env_CC_value=
ac_cv_env_CFLAGS_set=
ac_cv_env_CFLAGS_value=
ac_cv_env_CPPFLAGS_set=
ac_cv_env_CPPFLAGS_value=
ac_cv_env_CPP_set=
ac_cv_env_CPP_value=
ac_cv_env_GLIB_CFLAGS_set=
ac_cv_env_GLIB_CFLAGS_value=
ac_cv_env_GLIB_LIBS_set=
ac_cv_env_GLIB_LIBS_value=
ac_cv_env_GST_CFLAGS_set=
ac_cv_env_GST_CFLAGS_value=
ac_cv_env_GST_LIBS_set=
ac_cv_env_GST_LIBS_value=
ac_cv_env_LDFLAGS_set=
ac_cv_env_LDFLAGS_value=
ac_cv_env_LIBS_set=
ac_cv_env_LIBS_value=
ac_cv_env_LIBUPNP_CFLAGS_set=
ac_cv_env_LIBUPNP_CFLAGS_value=
ac_cv_env_LIBUPNP_LIBS_set=
ac_cv_env_LIBUPNP_LIBS_value=
ac_cv_env_PKG_CONFIG_LIBDIR_set=
ac_cv_env_PKG_CONFIG_LIBDIR_value=
ac_cv_env_PKG_CONFIG_PATH_set=
ac_cv_env_PKG_CONFIG_PATH_value=
ac_cv_env_PKG_CONFIG_set=
ac_cv_env_PKG_CONFIG_value=
ac_cv_env_build_alias_set=
ac_cv_env_build_alias_value=
ac_cv_env_host_alias_set=
ac_cv_env_host_alias_value=
ac_cv_env_target_alias_set=
ac_cv_env_target_alias_value=
ac_cv_func_asprintf=yes
ac_cv_header_stdc=yes
ac_cv_lib_m_exp=yes
ac_cv_objext=o
ac_cv_path_EGREP='/bin/grep -E'
ac_cv_path_GREP=/bin/grep
ac_cv_path_ac_pt_PKG_CONFIG=/usr/bin/pkg-config
ac_cv_path_install='/usr/bin/install -c'
ac_cv_path_mkdir=/bin/mkdir
ac_cv_prog_AWK=gawk
ac_cv_prog_CPP='gcc -std=gnu99 -E'
ac_cv_prog_ac_ct_CC=gcc
ac_cv_prog_cc_c89=
ac_cv_prog_cc_c99=-std=gnu99
ac_cv_prog_cc_g=yes
ac_cv_prog_cc_stdc=-std=gnu99
ac_cv_prog_make_make_set=yes
ac_cv_sys_file_offset_bits=no
ac_cv_sys_largefile_CC=no
am_cv_CC_dependencies_compiler_type=gcc3
am_cv_make_support_nested_variables=yes
am_cv_prog_cc_c_o=yes
pkg_cv_GLIB_CFLAGS='-pthread -I/usr/include/glib-2.0 -I/usr/lib/x86_64-linux-gnu/glib-2.0/include  '
pkg_cv_GLIB_LIBS='-pthread -lgthread-2.0 -lglib-2.0  '
pkg_cv_GST_CFLAGS='-pthread -I/usr/include/gstreamer-0.10 -I/usr/include/glib-2.0 -I/usr/lib/x86_64-linux-gnu/glib-2.0/include -I/usr/include/libxml2  '
pkg_cv_GST_LIBS='-pthread -lgstreamer-0.10 -lgobject-2.0 -lgmodule-2.0 -lgthread-2.0 -lxml2 -lglib-2.0  '
pkg_cv_LIBUPNP_CFLAGS='-pthread -I/usr/include/upnp  '
pkg_cv_LIBUPNP_LIBS='-pthread -lupnp -lthreadutil -lixml  '

## ----------------- ##
## Output variables. ##
## ----------------- ##

ACLOCAL='${SHELL} /home/yeso/sources/gmrender-resurrect/config/missing aclocal-1.14'
AMDEPBACKSLASH='\'
AMDEP_FALSE='#'
AMDEP_TRUE=''
AMTAR='$${TAR-tar}'
AM_BACKSLASH='\'
AM_DEFAULT_V='$(AM_DEFAULT_VERBOSITY)'
AM_DEFAULT_VERBOSITY='1'
AM_V='$(V)'
AUTOCONF='${SHELL} /home/yeso/sources/gmrender-resurrect/config/missing autoconf'
AUTOHEADER='${SHELL} /home/yeso/sources/gmrender-resurrect/config/missing autoheader'
AUTOMAKE='${SHELL} /home/yeso/sources/gmrender-resurrect/config/missing automake-1.14'
AWK='gawk'
CC='gcc -std=gnu99'
CCDEPMODE='depmode=gcc3'
CFLAGS='-g -O2 -Wall -Wpointer-arith -Wmissing-prototypes -Wmissing-declarations -Wwrite-strings'
CPP='gcc -std=gnu99 -E'
CPPFLAGS=''
CYGPATH_W='echo'
DEFS='-DHAVE_CONFIG_H'
DEPDIR='.deps'
ECHO_C=''
ECHO_N='-n'
ECHO_T=''
EGREP='/bin/grep -E'
EXEEXT=''
GLIB_CFLAGS='-pthread -I/usr/include/glib-2.0 -I/usr/lib/x86_64-linux-gnu/glib-2.0/include  '
GLIB_LIBS='-pthread -lgthread-2.0 -lglib-2.0  '
GREP='/bin/grep'
GST_CFLAGS='-pthread -I/usr/include/gstreamer-0.10 -I/usr/include/glib-2.0 -I/usr/lib/x86_64-linux-gnu/glib-2.0/include -I/usr/include/libxml2  '
GST_LIBS='-pthread -lgstreamer-0.10 -lgobject-2.0 -lgmodule-2.0 -lgthread-2.0 -lxml2 -lglib-2.0  '
HAVE_GST='yes'
HAVE_GST_FALSE='#'
HAVE_GST_TRUE=''
HAVE_LIBUPNP='yes'
INSTALL_DATA='${INSTALL} -m 644'
INSTALL_PROGRAM='${INSTALL}'
INSTALL_SCRIPT='${INSTALL}'
INSTALL_STRIP_PROGRAM='$(install_sh) -c -s'
LDFLAGS=''
LIBOBJS=''
LIBS='-lm '
LIBUPNP_CFLAGS='-pthread -I/usr/include/upnp  '
LIBUPNP_LIBS='-pthread -lupnp -lthreadutil -lixml  '
LTLIBOBJS=''
MAKEINFO='${SHELL} /home/yeso/sources/gmrender-resurrect/config/missing makeinfo'
MKDIR_P='/bin/mkdir -p'
OBJEXT='o'
PACKAGE='gmediarender'
PACKAGE_BUGREPORT='https://github.com/hzeller/gmrender-resurrect'
PACKAGE_NAME='gmediarender'
PACKAGE_STRING='gmediarender 0.0.7-git'
PACKAGE_TARNAME='gmediarender'
PACKAGE_URL=''
PACKAGE_VERSION='0.0.7-git'
PATH_SEPARATOR=':'
PKG_CONFIG='/usr/bin/pkg-config'
PKG_CONFIG_LIBDIR=''
PKG_CONFIG_PATH=''
SET_MAKE=''
SHELL='/bin/bash'
STRIP=''
VERSION='0.0.7-git'
ac_ct_CC='gcc'
am__EXEEXT_FALSE=''
am__EXEEXT_TRUE='#'
am__fastdepCC_FALSE='#'
am__fastdepCC_TRUE=''
am__include='include'
am__isrc=''
am__leading_dot='.'
am__nodep='_no'
am__quote=''
am__tar='$${TAR-tar} chof - "$$tardir"'
am__untar='$${TAR-tar} xf -'
bindir='${exec_prefix}/bin'
build_alias=''
datadir='${datarootdir}'
datarootdir='${prefix}/share'
docdir='${datarootdir}/doc/${PACKAGE_TARNAME}'
dvidir='${docdir}'
exec_prefix='${prefix}'
host_alias=''
htmldir='${docdir}'
includedir='${prefix}/include'
infodir='${datarootdir}/info'
install_sh='${SHELL} /home/yeso/sources/gmrender-resurrect/config/install-sh'
libdir='${exec_prefix}/lib'
libexecdir='${exec_prefix}/libexec'
localedir='${datarootdir}/locale'
localstatedir='${prefix}/var'
mandir='${datarootdir}/man'
mkdir_p='$(MKDIR_P)'
oldincludedir='/usr/include'
pdfdir='${docdir}'
prefix='/usr/local'
program_transform_name='s,x,x,'
psdir='${docdir}'
sbindir='${exec_prefix}/sbin'
sharedstatedir='${prefix}/com'
sysconfdir='${prefix}/etc'
target_alias=''

## ----------- ##
## confdefs.h. ##
## ----------- ##

/* confdefs.h */
#define PACKAGE_NAME "gmediarender"
#define PACKAGE_TARNAME "gmediarender"
#define PACKAGE_VERSION "0.0.7-git"
#define PACKAGE_STRING "gmediarender 0.0.7-git"
#define PACKAGE_BUGREPORT "https://github.com/hzeller/gmrender-resurrect"
#define PACKAGE_URL ""
#define PACKAGE "gmediarender"
#define VERSION "0.0.7-git"
#define PACKAGE "gmediarender"
#define VERSION "0.0.7-git"
#define HAVE_ASPRINTF 1
#define HAVE_LIBM 1
#define HAVE_GST /**/
#define HAVE_LIBUPNP /**/
#define STDC_HEADERS 1

configure: exit 0
